# JRE version: OpenJDK Runtime Environment (8.0_212-b03) (build 1.8.0_212-b03)
# Java VM: OpenJDK 64-Bit Server VM (25.212-b03 mixed mode linux-amd64 compressed oops)
Heap:
 PSYoungGen      total 146432K, used 0K [0x00000000f5580000, 0x0000000100000000, 0x0000000100000000)
  eden space 135680K, 0% used [0x00000000f5580000,0x00000000f5580000,0x00000000fda00000)
  from space 10752K, 0% used [0x00000000ff500000,0x00000000ff500000,0x00000000fff80000)
  to   space 19456K, 0% used [0x00000000fda00000,0x00000000fda00000,0x00000000fed00000)
 ParOldGen       total 247296K, used 89312K [0x00000000e0000000, 0x00000000ef180000, 0x00000000f5580000)
  object space 247296K, 36% used [0x00000000e0000000,0x00000000e5738018,0x00000000ef180000)
 Metaspace       used 90405K, capacity 93904K, committed 95192K, reserved 1132544K
  class space    used 11209K, capacity 11941K, committed 12288K, reserved 1048576K
GC Heap History (10 events):
Event: 2445,940 GC heap after
Heap after GC invocations=67 (full 3):
 PSYoungGen      total 161280K, used 3264K [0x00000000f5580000, 0x0000000100000000, 0x0000000100000000)
  eden space 148992K, 0% used [0x00000000f5580000,0x00000000f5580000,0x00000000fe700000)
  from space 12288K, 26% used [0x00000000ff280000,0x00000000ff5b0020,0x00000000ffe80000)
  to   space 11776K, 0% used [0x00000000fe700000,0x00000000fe700000,0x00000000ff280000)
 ParOldGen       total 247296K, used 218311K [0x00000000e0000000, 0x00000000ef180000, 0x00000000f5580000)
  object space 247296K, 88% used [0x00000000e0000000,0x00000000ed531f88,0x00000000ef180000)
 Metaspace       used 90344K, capacity 94228K, committed 94552K, reserved 1132544K
  class space    used 11288K, capacity 12115K, committed 12160K, reserved 1048576K
}
Event: 2446,412 GC heap before
{Heap before GC invocations=68 (full 3):
 PSYoungGen      total 161280K, used 152256K [0x00000000f5580000, 0x0000000100000000, 0x0000000100000000)
  eden space 148992K, 100% used [0x00000000f5580000,0x00000000fe700000,0x00000000fe700000)
  from space 12288K, 26% used [0x00000000ff280000,0x00000000ff5b0020,0x00000000ffe80000)
  to   space 11776K, 0% used [0x00000000fe700000,0x00000000fe700000,0x00000000ff280000)
 ParOldGen       total 247296K, used 218311K [0x00000000e0000000, 0x00000000ef180000, 0x00000000f5580000)
  object space 247296K, 88% used [0x00000000e0000000,0x00000000ed531f88,0x00000000ef180000)
 Metaspace       used 90362K, capacity 94228K, committed 94552K, reserved 1132544K
  class space    used 11288K, capacity 12115K, committed 12160K, reserved 1048576K
Event: 2446,442 GC heap after
Heap after GC invocations=68 (full 3):
 PSYoungGen      total 160768K, used 3671K [0x00000000f5580000, 0x00000000ffe80000, 0x0000000100000000)
  eden space 148992K, 0% used [0x00000000f5580000,0x00000000f5580000,0x00000000fe700000)
  from space 11776K, 31% used [0x00000000fe700000,0x00000000fea95c78,0x00000000ff280000)
  to   space 11264K, 0% used [0x00000000ff380000,0x00000000ff380000,0x00000000ffe80000)
 ParOldGen       total 247296K, used 220993K [0x00000000e0000000, 0x00000000ef180000, 0x00000000f5580000)
  object space 247296K, 89% used [0x00000000e0000000,0x00000000ed7d0690,0x00000000ef180000)
 Metaspace       used 90362K, capacity 94228K, committed 94552K, reserved 1132544K
  class space    used 11288K, capacity 12115K, committed 12160K, reserved 1048576K
}
Event: 2447,088 GC heap before
{Heap before GC invocations=69 (full 3):
 PSYoungGen      total 160768K, used 152663K [0x00000000f5580000, 0x00000000ffe80000, 0x0000000100000000)
  eden space 148992K, 100% used [0x00000000f5580000,0x00000000fe700000,0x00000000fe700000)
  from space 11776K, 31% used [0x00000000fe700000,0x00000000fea95c78,0x00000000ff280000)
  to   space 11264K, 0% used [0x00000000ff380000,0x00000000ff380000,0x00000000ffe80000)
 ParOldGen       total 247296K, used 220993K [0x00000000e0000000, 0x00000000ef180000, 0x00000000f5580000)
  object space 247296K, 89% used [0x00000000e0000000,0x00000000ed7d0690,0x00000000ef180000)
 Metaspace       used 90365K, capacity 94228K, committed 94552K, reserved 1132544K
  class space    used 11288K, capacity 12115K, committed 12160K, reserved 1048576K
Event: 2447,115 GC heap after
Heap after GC invocations=69 (full 3):
 PSYoungGen      total 162304K, used 4178K [0x00000000f5580000, 0x00000000ffe80000, 0x0000000100000000)
  eden space 151040K, 0% used [0x00000000f5580000,0x00000000f5580000,0x00000000fe900000)
  from space 11264K, 37% used [0x00000000ff380000,0x00000000ff794a38,0x00000000ffe80000)
  to   space 10752K, 0% used [0x00000000fe900000,0x00000000fe900000,0x00000000ff380000)
 ParOldGen       total 247296K, used 224001K [0x00000000e0000000, 0x00000000ef180000, 0x00000000f5580000)
  object space 247296K, 90% used [0x00000000e0000000,0x00000000edac0528,0x00000000ef180000)
 Metaspace       used 90365K, capacity 94228K, committed 94552K, reserved 1132544K
  class space    used 11288K, capacity 12115K, committed 12160K, reserved 1048576K
}
Event: 2448,349 GC heap before
{Heap before GC invocations=70 (full 3):
 PSYoungGen      total 162304K, used 155218K [0x00000000f5580000, 0x00000000ffe80000, 0x0000000100000000)
  eden space 151040K, 100% used [0x00000000f5580000,0x00000000fe900000,0x00000000fe900000)
  from space 11264K, 37% used [0x00000000ff380000,0x00000000ff794a38,0x00000000ffe80000)
  to   space 10752K, 0% used [0x00000000fe900000,0x00000000fe900000,0x00000000ff380000)
 ParOldGen       total 247296K, used 224001K [0x00000000e0000000, 0x00000000ef180000, 0x00000000f5580000)
  object space 247296K, 90% used [0x00000000e0000000,0x00000000edac0528,0x00000000ef180000)
 Metaspace       used 90425K, capacity 94336K, committed 94552K, reserved 1132544K
  class space    used 11296K, capacity 12123K, committed 12160K, reserved 1048576K
Event: 2448,387 GC heap after
Heap after GC invocations=70 (full 3):
 PSYoungGen      total 161792K, used 6728K [0x00000000f5580000, 0x00000000fff80000, 0x0000000100000000)
  eden space 151040K, 0% used [0x00000000f5580000,0x00000000f5580000,0x00000000fe900000)
  from space 10752K, 62% used [0x00000000fe900000,0x00000000fef92280,0x00000000ff380000)
  to   space 10752K, 0% used [0x00000000ff500000,0x00000000ff500000,0x00000000fff80000)
 ParOldGen       total 247296K, used 226300K [0x00000000e0000000, 0x00000000ef180000, 0x00000000f5580000)
  object space 247296K, 91% used [0x00000000e0000000,0x00000000edcff1a8,0x00000000ef180000)
 Metaspace       used 90425K, capacity 94336K, committed 94552K, reserved 1132544K
  class space    used 11296K, capacity 12123K, committed 12160K, reserved 1048576K
}
Event: 2452,773 GC heap before
{Heap before GC invocations=71 (full 3):
 PSYoungGen      total 161792K, used 157768K [0x00000000f5580000, 0x00000000fff80000, 0x0000000100000000)
  eden space 151040K, 100% used [0x00000000f5580000,0x00000000fe900000,0x00000000fe900000)
  from space 10752K, 62% used [0x00000000fe900000,0x00000000fef92280,0x00000000ff380000)
  to   space 10752K, 0% used [0x00000000ff500000,0x00000000ff500000,0x00000000fff80000)
 ParOldGen       total 247296K, used 226300K [0x00000000e0000000, 0x00000000ef180000, 0x00000000f5580000)
  object space 247296K, 91% used [0x00000000e0000000,0x00000000edcff1a8,0x00000000ef180000)
 Metaspace       used 90942K, capacity 94924K, committed 95192K, reserved 1132544K
  class space    used 11349K, capacity 12179K, committed 12288K, reserved 1048576K
Event: 2452,858 GC heap after
Heap after GC invocations=71 (full 3):
 PSYoungGen      total 146432K, used 10743K [0x00000000f5580000, 0x0000000100000000, 0x0000000100000000)
  eden space 135680K, 0% used [0x00000000f5580000,0x00000000f5580000,0x00000000fda00000)
  from space 10752K, 99% used [0x00000000ff500000,0x00000000fff7dea8,0x00000000fff80000)
  to   space 19456K, 0% used [0x00000000fda00000,0x00000000fda00000,0x00000000fed00000)
 ParOldGen       total 247296K, used 244750K [0x00000000e0000000, 0x00000000ef180000, 0x00000000f5580000)
  object space 247296K, 98% used [0x00000000e0000000,0x00000000eef03b40,0x00000000ef180000)
 Metaspace       used 90942K, capacity 94924K, committed 95192K, reserved 1132544K
  class space    used 11349K, capacity 12179K, committed 12288K, reserved 1048576K
}
Event: 2452,859 GC heap before
{Heap before GC invocations=72 (full 4):
 PSYoungGen      total 146432K, used 10743K [0x00000000f5580000, 0x0000000100000000, 0x0000000100000000)
  eden space 135680K, 0% used [0x00000000f5580000,0x00000000f5580000,0x00000000fda00000)
  from space 10752K, 99% used [0x00000000ff500000,0x00000000fff7dea8,0x00000000fff80000)
  to   space 19456K, 0% used [0x00000000fda00000,0x00000000fda00000,0x00000000fed00000)
 ParOldGen       total 247296K, used 244750K [0x00000000e0000000, 0x00000000ef180000, 0x00000000f5580000)
  object space 247296K, 98% used [0x00000000e0000000,0x00000000eef03b40,0x00000000ef180000)
 Metaspace       used 90942K, capacity 94924K, committed 95192K, reserved 1132544K
  class space    used 11349K, capacity 12179K, committed 12288K, reserved 1048576K

